# JRE version: OpenJDK Runtime Environment Temurin-21.0.8+9 (21.0.8+9) (build 21.0.8+9-LTS)
# Java VM: OpenJDK 64-Bit Server VM Temurin-21.0.8+9 (21.0.8+9-LTS, mixed mode, sharing, tiered, compressed oops, compressed class ptrs, parallel gc, windows-amd64)
GC Precious Log:
 CardTable entry size: 512
 CPUs: 12 total, 12 available
 Memory: 16068M
 Large Page Support: Disabled
 NUMA Support: Disabled
 Compressed Oops: Enabled (32-bit)
 Alignments: Space 512K, Generation 512K, Heap 2M
 Heap Min Capacity: 100M
 Heap Initial Capacity: 100M
 Heap Max Capacity: 2G
 Pre-touch: Disabled
 Parallel Workers: 10
Heap:
 PSYoungGen      total 23040K, used 22180K [0x00000000d5580000, 0x00000000d6f00000, 0x0000000100000000)
  eden space 21504K, 98% used [0x00000000d5580000,0x00000000d6a16e78,0x00000000d6a80000)
  from space 1536K, 71% used [0x00000000d6d80000,0x00000000d6e921f8,0x00000000d6f00000)
  to   space 2048K, 0% used [0x00000000d6b00000,0x00000000d6b00000,0x00000000d6d00000)
 ParOldGen       total 68608K, used 55582K [0x0000000080000000, 0x0000000084300000, 0x00000000d5580000)
  object space 68608K, 81% used [0x0000000080000000,0x0000000083647ba8,0x0000000084300000)
 Metaspace       used 48460K, committed 49664K, reserved 1114112K
  class space    used 4768K, committed 5312K, reserved 1048576K
GC Heap History (20 events):
Event: 24.536 GC heap before
{Heap before GC invocations=25 (full 2):
 PSYoungGen      total 23040K, used 22586K [0x00000000d5580000, 0x00000000d7180000, 0x0000000100000000)
  eden space 21504K, 100% used [0x00000000d5580000,0x00000000d6a80000,0x00000000d6a80000)
  from space 1536K, 70% used [0x00000000d7000000,0x00000000d710e908,0x00000000d7180000)
  to   space 1536K, 0% used [0x00000000d6e80000,0x00000000d6e80000,0x00000000d7000000)
 ParOldGen       total 68608K, used 34238K [0x0000000080000000, 0x0000000084300000, 0x00000000d5580000)
  object space 68608K, 49% used [0x0000000080000000,0x000000008216f8c8,0x0000000084300000)
 Metaspace       used 41798K, committed 42880K, reserved 1114112K
  class space    used 4188K, committed 4672K, reserved 1048576K
}
Event: 24.543 GC heap after
{Heap after GC invocations=25 (full 2):
 PSYoungGen      total 23040K, used 1536K [0x00000000d5580000, 0x00000000d7080000, 0x0000000100000000)
  eden space 21504K, 0% used [0x00000000d5580000,0x00000000d5580000,0x00000000d6a80000)
  from space 1536K, 100% used [0x00000000d6e80000,0x00000000d7000000,0x00000000d7000000)
  to   space 512K, 0% used [0x00000000d7000000,0x00000000d7000000,0x00000000d7080000)
 ParOldGen       total 68608K, used 35084K [0x0000000080000000, 0x0000000084300000, 0x00000000d5580000)
  object space 68608K, 51% used [0x0000000080000000,0x0000000082243000,0x0000000084300000)
 Metaspace       used 41798K, committed 42880K, reserved 1114112K
  class space    used 4188K, committed 4672K, reserved 1048576K
}
Event: 24.699 GC heap before
{Heap before GC invocations=26 (full 2):
 PSYoungGen      total 23040K, used 23040K [0x00000000d5580000, 0x00000000d7080000, 0x0000000100000000)
  eden space 21504K, 100% used [0x00000000d5580000,0x00000000d6a80000,0x00000000d6a80000)
  from space 1536K, 100% used [0x00000000d6e80000,0x00000000d7000000,0x00000000d7000000)
  to   space 512K, 0% used [0x00000000d7000000,0x00000000d7000000,0x00000000d7080000)
 ParOldGen       total 68608K, used 35084K [0x0000000080000000, 0x0000000084300000, 0x00000000d5580000)
  object space 68608K, 51% used [0x0000000080000000,0x0000000082243000,0x0000000084300000)
 Metaspace       used 42107K, committed 43200K, reserved 1114112K
  class space    used 4212K, committed 4672K, reserved 1048576K
}
Event: 24.701 GC heap after
{Heap after GC invocations=26 (full 2):
 PSYoungGen      total 22016K, used 480K [0x00000000d5580000, 0x00000000d7180000, 0x0000000100000000)
  eden space 21504K, 0% used [0x00000000d5580000,0x00000000d5580000,0x00000000d6a80000)
  from space 512K, 93% used [0x00000000d7000000,0x00000000d7078020,0x00000000d7080000)
  to   space 3584K, 0% used [0x00000000d6a80000,0x00000000d6a80000,0x00000000d6e00000)
 ParOldGen       total 68608K, used 37681K [0x0000000080000000, 0x0000000084300000, 0x00000000d5580000)
  object space 68608K, 54% used [0x0000000080000000,0x00000000824cc570,0x0000000084300000)
 Metaspace       used 42107K, committed 43200K, reserved 1114112K
  class space    used 4212K, committed 4672K, reserved 1048576K
}
Event: 24.788 GC heap before
{Heap before GC invocations=27 (full 2):
 PSYoungGen      total 22016K, used 21984K [0x00000000d5580000, 0x00000000d7180000, 0x0000000100000000)
  eden space 21504K, 100% used [0x00000000d5580000,0x00000000d6a80000,0x00000000d6a80000)
  from space 512K, 93% used [0x00000000d7000000,0x00000000d7078020,0x00000000d7080000)
  to   space 3584K, 0% used [0x00000000d6a80000,0x00000000d6a80000,0x00000000d6e00000)
 ParOldGen       total 68608K, used 37681K [0x0000000080000000, 0x0000000084300000, 0x00000000d5580000)
  object space 68608K, 54% used [0x0000000080000000,0x00000000824cc570,0x0000000084300000)
 Metaspace       used 42599K, committed 43776K, reserved 1114112K
  class space    used 4256K, committed 4736K, reserved 1048576K
}
Event: 24.789 GC heap after
{Heap after GC invocations=27 (full 2):
 PSYoungGen      total 25088K, used 1984K [0x00000000d5580000, 0x00000000d7080000, 0x0000000100000000)
  eden space 21504K, 0% used [0x00000000d5580000,0x00000000d5580000,0x00000000d6a80000)
  from space 3584K, 55% used [0x00000000d6a80000,0x00000000d6c70070,0x00000000d6e00000)
  to   space 2560K, 0% used [0x00000000d6e00000,0x00000000d6e00000,0x00000000d7080000)
 ParOldGen       total 68608K, used 38177K [0x0000000080000000, 0x0000000084300000, 0x00000000d5580000)
  object space 68608K, 55% used [0x0000000080000000,0x00000000825486d8,0x0000000084300000)
 Metaspace       used 42599K, committed 43776K, reserved 1114112K
  class space    used 4256K, committed 4736K, reserved 1048576K
}
Event: 24.920 GC heap before
{Heap before GC invocations=28 (full 2):
 PSYoungGen      total 25088K, used 23488K [0x00000000d5580000, 0x00000000d7080000, 0x0000000100000000)
  eden space 21504K, 100% used [0x00000000d5580000,0x00000000d6a80000,0x00000000d6a80000)
  from space 3584K, 55% used [0x00000000d6a80000,0x00000000d6c70070,0x00000000d6e00000)
  to   space 2560K, 0% used [0x00000000d6e00000,0x00000000d6e00000,0x00000000d7080000)
 ParOldGen       total 68608K, used 38177K [0x0000000080000000, 0x0000000084300000, 0x00000000d5580000)
  object space 68608K, 55% used [0x0000000080000000,0x00000000825486d8,0x0000000084300000)
 Metaspace       used 43102K, committed 44224K, reserved 1114112K
  class space    used 4307K, committed 4800K, reserved 1048576K
}
Event: 24.922 GC heap after
{Heap after GC invocations=28 (full 2):
 PSYoungGen      total 23552K, used 1840K [0x00000000d5580000, 0x00000000d7000000, 0x0000000100000000)
  eden space 21504K, 0% used [0x00000000d5580000,0x00000000d5580000,0x00000000d6a80000)
  from space 2048K, 89% used [0x00000000d6e00000,0x00000000d6fcc068,0x00000000d7000000)
  to   space 2048K, 0% used [0x00000000d6c00000,0x00000000d6c00000,0x00000000d6e00000)
 ParOldGen       total 68608K, used 39905K [0x0000000080000000, 0x0000000084300000, 0x00000000d5580000)
  object space 68608K, 58% used [0x0000000080000000,0x00000000826f87d8,0x0000000084300000)
 Metaspace       used 43102K, committed 44224K, reserved 1114112K
  class space    used 4307K, committed 4800K, reserved 1048576K
}
Event: 25.020 GC heap before
{Heap before GC invocations=29 (full 2):
 PSYoungGen      total 23552K, used 23344K [0x00000000d5580000, 0x00000000d7000000, 0x0000000100000000)
  eden space 21504K, 100% used [0x00000000d5580000,0x00000000d6a80000,0x00000000d6a80000)
  from space 2048K, 89% used [0x00000000d6e00000,0x00000000d6fcc068,0x00000000d7000000)
  to   space 2048K, 0% used [0x00000000d6c00000,0x00000000d6c00000,0x00000000d6e00000)
 ParOldGen       total 68608K, used 39905K [0x0000000080000000, 0x0000000084300000, 0x00000000d5580000)
  object space 68608K, 58% used [0x0000000080000000,0x00000000826f87d8,0x0000000084300000)
 Metaspace       used 43265K, committed 44352K, reserved 1114112K
  class space    used 4322K, committed 4800K, reserved 1048576K
}
Event: 25.024 GC heap after
{Heap after GC invocations=29 (full 2):
 PSYoungGen      total 23552K, used 2032K [0x00000000d5580000, 0x00000000d7380000, 0x0000000100000000)
  eden space 21504K, 0% used [0x00000000d5580000,0x00000000d5580000,0x00000000d6a80000)
  from space 2048K, 99% used [0x00000000d6c00000,0x00000000d6dfc0b0,0x00000000d6e00000)
  to   space 4608K, 0% used [0x00000000d6f00000,0x00000000d6f00000,0x00000000d7380000)
 ParOldGen       total 68608K, used 41786K [0x0000000080000000, 0x0000000084300000, 0x00000000d5580000)
  object space 68608K, 60% used [0x0000000080000000,0x00000000828ce8f0,0x0000000084300000)
 Metaspace       used 43265K, committed 44352K, reserved 1114112K
  class space    used 4322K, committed 4800K, reserved 1048576K
}
Event: 25.470 GC heap before
{Heap before GC invocations=30 (full 2):
 PSYoungGen      total 23552K, used 23536K [0x00000000d5580000, 0x00000000d7380000, 0x0000000100000000)
  eden space 21504K, 100% used [0x00000000d5580000,0x00000000d6a80000,0x00000000d6a80000)
  from space 2048K, 99% used [0x00000000d6c00000,0x00000000d6dfc0b0,0x00000000d6e00000)
  to   space 4608K, 0% used [0x00000000d6f00000,0x00000000d6f00000,0x00000000d7380000)
 ParOldGen       total 68608K, used 41786K [0x0000000080000000, 0x0000000084300000, 0x00000000d5580000)
  object space 68608K, 60% used [0x0000000080000000,0x00000000828ce8f0,0x0000000084300000)
 Metaspace       used 44364K, committed 45504K, reserved 1114112K
  class space    used 4409K, committed 4928K, reserved 1048576K
}
Event: 25.473 GC heap after
{Heap after GC invocations=30 (full 2):
 PSYoungGen      total 25088K, used 3460K [0x00000000d5580000, 0x00000000d7280000, 0x0000000100000000)
  eden space 21504K, 0% used [0x00000000d5580000,0x00000000d5580000,0x00000000d6a80000)
  from space 3584K, 96% used [0x00000000d6f00000,0x00000000d7261290,0x00000000d7280000)
  to   space 4096K, 0% used [0x00000000d6a80000,0x00000000d6a80000,0x00000000d6e80000)
 ParOldGen       total 68608K, used 43703K [0x0000000080000000, 0x0000000084300000, 0x00000000d5580000)
  object space 68608K, 63% used [0x0000000080000000,0x0000000082aadd70,0x0000000084300000)
 Metaspace       used 44364K, committed 45504K, reserved 1114112K
  class space    used 4409K, committed 4928K, reserved 1048576K
}
Event: 25.965 GC heap before
{Heap before GC invocations=31 (full 2):
 PSYoungGen      total 25088K, used 24964K [0x00000000d5580000, 0x00000000d7280000, 0x0000000100000000)
  eden space 21504K, 100% used [0x00000000d5580000,0x00000000d6a80000,0x00000000d6a80000)
  from space 3584K, 96% used [0x00000000d6f00000,0x00000000d7261290,0x00000000d7280000)
  to   space 4096K, 0% used [0x00000000d6a80000,0x00000000d6a80000,0x00000000d6e80000)
 ParOldGen       total 68608K, used 43703K [0x0000000080000000, 0x0000000084300000, 0x00000000d5580000)
  object space 68608K, 63% used [0x0000000080000000,0x0000000082aadd70,0x0000000084300000)
 Metaspace       used 45137K, committed 46272K, reserved 1114112K
  class space    used 4417K, committed 4928K, reserved 1048576K
}
Event: 25.969 GC heap after
{Heap after GC invocations=31 (full 2):
 PSYoungGen      total 24576K, used 3072K [0x00000000d5580000, 0x00000000d7180000, 0x0000000100000000)
  eden space 21504K, 0% used [0x00000000d5580000,0x00000000d5580000,0x00000000d6a80000)
  from space 3072K, 100% used [0x00000000d6a80000,0x00000000d6d80000,0x00000000d6d80000)
  to   space 3584K, 0% used [0x00000000d6e00000,0x00000000d6e00000,0x00000000d7180000)
 ParOldGen       total 68608K, used 46958K [0x0000000080000000, 0x0000000084300000, 0x00000000d5580000)
  object space 68608K, 68% used [0x0000000080000000,0x0000000082ddbba8,0x0000000084300000)
 Metaspace       used 45137K, committed 46272K, reserved 1114112K
  class space    used 4417K, committed 4928K, reserved 1048576K
}
Event: 26.221 GC heap before
{Heap before GC invocations=32 (full 2):
 PSYoungGen      total 24576K, used 24576K [0x00000000d5580000, 0x00000000d7180000, 0x0000000100000000)
  eden space 21504K, 100% used [0x00000000d5580000,0x00000000d6a80000,0x00000000d6a80000)
  from space 3072K, 100% used [0x00000000d6a80000,0x00000000d6d80000,0x00000000d6d80000)
  to   space 3584K, 0% used [0x00000000d6e00000,0x00000000d6e00000,0x00000000d7180000)
 ParOldGen       total 68608K, used 46958K [0x0000000080000000, 0x0000000084300000, 0x00000000d5580000)
  object space 68608K, 68% used [0x0000000080000000,0x0000000082ddbba8,0x0000000084300000)
 Metaspace       used 45394K, committed 46528K, reserved 1114112K
  class space    used 4422K, committed 4928K, reserved 1048576K
}
Event: 26.225 GC heap after
{Heap after GC invocations=32 (full 2):
 PSYoungGen      total 25088K, used 3073K [0x00000000d5580000, 0x00000000d7180000, 0x0000000100000000)
  eden space 21504K, 0% used [0x00000000d5580000,0x00000000d5580000,0x00000000d6a80000)
  from space 3584K, 85% used [0x00000000d6e00000,0x00000000d7100780,0x00000000d7180000)
  to   space 3584K, 0% used [0x00000000d6a80000,0x00000000d6a80000,0x00000000d6e00000)
 ParOldGen       total 68608K, used 49849K [0x0000000080000000, 0x0000000084300000, 0x00000000d5580000)
  object space 68608K, 72% used [0x0000000080000000,0x00000000830ae468,0x0000000084300000)
 Metaspace       used 45394K, committed 46528K, reserved 1114112K
  class space    used 4422K, committed 4928K, reserved 1048576K
}
Event: 35.194 GC heap before
{Heap before GC invocations=33 (full 2):
 PSYoungGen      total 25088K, used 24577K [0x00000000d5580000, 0x00000000d7180000, 0x0000000100000000)
  eden space 21504K, 100% used [0x00000000d5580000,0x00000000d6a80000,0x00000000d6a80000)
  from space 3584K, 85% used [0x00000000d6e00000,0x00000000d7100780,0x00000000d7180000)
  to   space 3584K, 0% used [0x00000000d6a80000,0x00000000d6a80000,0x00000000d6e00000)
 ParOldGen       total 68608K, used 49849K [0x0000000080000000, 0x0000000084300000, 0x00000000d5580000)
  object space 68608K, 72% used [0x0000000080000000,0x00000000830ae468,0x0000000084300000)
 Metaspace       used 45701K, committed 46848K, reserved 1114112K
  class space    used 4443K, committed 4992K, reserved 1048576K
}
Event: 35.205 GC heap after
{Heap after GC invocations=33 (full 2):
 PSYoungGen      total 24576K, used 3040K [0x00000000d5580000, 0x00000000d7080000, 0x0000000100000000)
  eden space 21504K, 0% used [0x00000000d5580000,0x00000000d5580000,0x00000000d6a80000)
  from space 3072K, 98% used [0x00000000d6a80000,0x00000000d6d78000,0x00000000d6d80000)
  to   space 3072K, 0% used [0x00000000d6d80000,0x00000000d6d80000,0x00000000d7080000)
 ParOldGen       total 68608K, used 52770K [0x0000000080000000, 0x0000000084300000, 0x00000000d5580000)
  object space 68608K, 76% used [0x0000000080000000,0x0000000083388920,0x0000000084300000)
 Metaspace       used 45701K, committed 46848K, reserved 1114112K
  class space    used 4443K, committed 4992K, reserved 1048576K
}
Event: 59.678 GC heap before
{Heap before GC invocations=34 (full 2):
 PSYoungGen      total 24576K, used 24544K [0x00000000d5580000, 0x00000000d7080000, 0x0000000100000000)
  eden space 21504K, 100% used [0x00000000d5580000,0x00000000d6a80000,0x00000000d6a80000)
  from space 3072K, 98% used [0x00000000d6a80000,0x00000000d6d78000,0x00000000d6d80000)
  to   space 3072K, 0% used [0x00000000d6d80000,0x00000000d6d80000,0x00000000d7080000)
 ParOldGen       total 68608K, used 52770K [0x0000000080000000, 0x0000000084300000, 0x00000000d5580000)
  object space 68608K, 76% used [0x0000000080000000,0x0000000083388920,0x0000000084300000)
 Metaspace       used 47907K, committed 49088K, reserved 1114112K
  class space    used 4719K, committed 5248K, reserved 1048576K
}
Event: 59.682 GC heap after
{Heap after GC invocations=34 (full 2):
 PSYoungGen      total 23040K, used 1096K [0x00000000d5580000, 0x00000000d6f00000, 0x0000000100000000)
  eden space 21504K, 0% used [0x00000000d5580000,0x00000000d5580000,0x00000000d6a80000)
  from space 1536K, 71% used [0x00000000d6d80000,0x00000000d6e921f8,0x00000000d6f00000)
  to   space 2048K, 0% used [0x00000000d6b00000,0x00000000d6b00000,0x00000000d6d00000)
 ParOldGen       total 68608K, used 55582K [0x0000000080000000, 0x0000000084300000, 0x00000000d5580000)
  object space 68608K, 81% used [0x0000000080000000,0x0000000083647ba8,0x0000000084300000)
 Metaspace       used 47907K, committed 49088K, reserved 1114112K
  class space    used 4719K, committed 5248K, reserved 1048576K
}

