# JRE version: OpenJDK Runtime Environment Temurin-21.0.8+9 (21.0.8+9) (build 21.0.8+9-LTS)
# Java VM: OpenJDK 64-Bit Server VM Temurin-21.0.8+9 (21.0.8+9-LTS, mixed mode, sharing, tiered, compressed oops, compressed class ptrs, parallel gc, windows-amd64)
GC Precious Log:
 CardTable entry size: 512
 CPUs: 12 total, 12 available
 Memory: 16068M
 Large Page Support: Disabled
 NUMA Support: Disabled
 Compressed Oops: Enabled (32-bit)
 Alignments: Space 512K, Generation 512K, Heap 2M
 Heap Min Capacity: 100M
 Heap Initial Capacity: 100M
 Heap Max Capacity: 2G
 Pre-touch: Disabled
 Parallel Workers: 10
Heap:
 PSYoungGen      total 14848K, used 10114K [0x00000000d5580000, 0x00000000d6680000, 0x0000000100000000)
  eden space 13824K, 67% used [0x00000000d5580000,0x00000000d5ea89d0,0x00000000d6300000)
  from space 1024K, 71% used [0x00000000d6580000,0x00000000d6638020,0x00000000d6680000)
  to   space 1024K, 0% used [0x00000000d6480000,0x00000000d6480000,0x00000000d6580000)
 ParOldGen       total 107520K, used 107339K [0x0000000080000000, 0x0000000086900000, 0x00000000d5580000)
  object space 107520K, 99% used [0x0000000080000000,0x00000000868d2ec0,0x0000000086900000)
 Metaspace       used 77020K, committed 78656K, reserved 1179648K
  class space    used 8328K, committed 9088K, reserved 1048576K
GC Heap History (20 events):
Event: 64.732 GC heap before
{Heap before GC invocations=84 (full 3):
 PSYoungGen      total 15360K, used 15248K [0x00000000d5580000, 0x00000000d6900000, 0x0000000100000000)
  eden space 13824K, 100% used [0x00000000d5580000,0x00000000d6300000,0x00000000d6300000)
  from space 1536K, 92% used [0x00000000d6780000,0x00000000d68e4030,0x00000000d6900000)
  to   space 2560K, 0% used [0x00000000d6400000,0x00000000d6400000,0x00000000d6680000)
 ParOldGen       total 94720K, used 94316K [0x0000000080000000, 0x0000000085c80000, 0x00000000d5580000)
  object space 94720K, 99% used [0x0000000080000000,0x0000000085c1b298,0x0000000085c80000)
 Metaspace       used 69747K, committed 71296K, reserved 1114112K
  class space    used 7396K, committed 8064K, reserved 1048576K
}
Event: 64.734 GC heap after
{Heap after GC invocations=84 (full 3):
 PSYoungGen      total 16384K, used 1248K [0x00000000d5580000, 0x00000000d6800000, 0x0000000100000000)
  eden space 13824K, 0% used [0x00000000d5580000,0x00000000d5580000,0x00000000d6300000)
  from space 2560K, 48% used [0x00000000d6400000,0x00000000d6538060,0x00000000d6680000)
  to   space 1536K, 0% used [0x00000000d6680000,0x00000000d6680000,0x00000000d6800000)
 ParOldGen       total 95744K, used 95588K [0x0000000080000000, 0x0000000085d80000, 0x00000000d5580000)
  object space 95744K, 99% used [0x0000000080000000,0x0000000085d592e8,0x0000000085d80000)
 Metaspace       used 69747K, committed 71296K, reserved 1114112K
  class space    used 7396K, committed 8064K, reserved 1048576K
}
Event: 64.788 GC heap before
{Heap before GC invocations=85 (full 3):
 PSYoungGen      total 16384K, used 15072K [0x00000000d5580000, 0x00000000d6800000, 0x0000000100000000)
  eden space 13824K, 100% used [0x00000000d5580000,0x00000000d6300000,0x00000000d6300000)
  from space 2560K, 48% used [0x00000000d6400000,0x00000000d6538060,0x00000000d6680000)
  to   space 1536K, 0% used [0x00000000d6680000,0x00000000d6680000,0x00000000d6800000)
 ParOldGen       total 95744K, used 95588K [0x0000000080000000, 0x0000000085d80000, 0x00000000d5580000)
  object space 95744K, 99% used [0x0000000080000000,0x0000000085d592e8,0x0000000085d80000)
 Metaspace       used 70036K, committed 71552K, reserved 1114112K
  class space    used 7431K, committed 8128K, reserved 1048576K
}
Event: 64.789 GC heap after
{Heap after GC invocations=85 (full 3):
 PSYoungGen      total 15360K, used 1232K [0x00000000d5580000, 0x00000000d6800000, 0x0000000100000000)
  eden space 13824K, 0% used [0x00000000d5580000,0x00000000d5580000,0x00000000d6300000)
  from space 1536K, 80% used [0x00000000d6680000,0x00000000d67b4030,0x00000000d6800000)
  to   space 1536K, 0% used [0x00000000d6500000,0x00000000d6500000,0x00000000d6680000)
 ParOldGen       total 96768K, used 96668K [0x0000000080000000, 0x0000000085e80000, 0x00000000d5580000)
  object space 96768K, 99% used [0x0000000080000000,0x0000000085e67388,0x0000000085e80000)
 Metaspace       used 70036K, committed 71552K, reserved 1114112K
  class space    used 7431K, committed 8128K, reserved 1048576K
}
Event: 64.832 GC heap before
{Heap before GC invocations=86 (full 3):
 PSYoungGen      total 15360K, used 15056K [0x00000000d5580000, 0x00000000d6800000, 0x0000000100000000)
  eden space 13824K, 100% used [0x00000000d5580000,0x00000000d6300000,0x00000000d6300000)
  from space 1536K, 80% used [0x00000000d6680000,0x00000000d67b4030,0x00000000d6800000)
  to   space 1536K, 0% used [0x00000000d6500000,0x00000000d6500000,0x00000000d6680000)
 ParOldGen       total 96768K, used 96668K [0x0000000080000000, 0x0000000085e80000, 0x00000000d5580000)
  object space 96768K, 99% used [0x0000000080000000,0x0000000085e67388,0x0000000085e80000)
 Metaspace       used 70205K, committed 71744K, reserved 1114112K
  class space    used 7455K, committed 8128K, reserved 1048576K
}
Event: 64.835 GC heap after
{Heap after GC invocations=86 (full 3):
 PSYoungGen      total 15360K, used 1280K [0x00000000d5580000, 0x00000000d6700000, 0x0000000100000000)
  eden space 13824K, 0% used [0x00000000d5580000,0x00000000d5580000,0x00000000d6300000)
  from space 1536K, 83% used [0x00000000d6500000,0x00000000d6640040,0x00000000d6680000)
  to   space 512K, 0% used [0x00000000d6680000,0x00000000d6680000,0x00000000d6700000)
 ParOldGen       total 97792K, used 97717K [0x0000000080000000, 0x0000000085f80000, 0x00000000d5580000)
  object space 97792K, 99% used [0x0000000080000000,0x0000000085f6d428,0x0000000085f80000)
 Metaspace       used 70205K, committed 71744K, reserved 1114112K
  class space    used 7455K, committed 8128K, reserved 1048576K
}
Event: 64.866 GC heap before
{Heap before GC invocations=87 (full 3):
 PSYoungGen      total 15360K, used 15104K [0x00000000d5580000, 0x00000000d6700000, 0x0000000100000000)
  eden space 13824K, 100% used [0x00000000d5580000,0x00000000d6300000,0x00000000d6300000)
  from space 1536K, 83% used [0x00000000d6500000,0x00000000d6640040,0x00000000d6680000)
  to   space 512K, 0% used [0x00000000d6680000,0x00000000d6680000,0x00000000d6700000)
 ParOldGen       total 97792K, used 97717K [0x0000000080000000, 0x0000000085f80000, 0x00000000d5580000)
  object space 97792K, 99% used [0x0000000080000000,0x0000000085f6d428,0x0000000085f80000)
 Metaspace       used 70419K, committed 71936K, reserved 1114112K
  class space    used 7472K, committed 8128K, reserved 1048576K
}
Event: 64.868 GC heap after
{Heap after GC invocations=87 (full 3):
 PSYoungGen      total 14336K, used 512K [0x00000000d5580000, 0x00000000d6800000, 0x0000000100000000)
  eden space 13824K, 0% used [0x00000000d5580000,0x00000000d5580000,0x00000000d6300000)
  from space 512K, 100% used [0x00000000d6680000,0x00000000d6700000,0x00000000d6700000)
  to   space 2560K, 0% used [0x00000000d6300000,0x00000000d6300000,0x00000000d6580000)
 ParOldGen       total 99840K, used 99390K [0x0000000080000000, 0x0000000086180000, 0x00000000d5580000)
  object space 99840K, 99% used [0x0000000080000000,0x000000008610fa60,0x0000000086180000)
 Metaspace       used 70419K, committed 71936K, reserved 1114112K
  class space    used 7472K, committed 8128K, reserved 1048576K
}
Event: 64.937 GC heap before
{Heap before GC invocations=88 (full 3):
 PSYoungGen      total 14336K, used 14336K [0x00000000d5580000, 0x00000000d6800000, 0x0000000100000000)
  eden space 13824K, 100% used [0x00000000d5580000,0x00000000d6300000,0x00000000d6300000)
  from space 512K, 100% used [0x00000000d6680000,0x00000000d6700000,0x00000000d6700000)
  to   space 2560K, 0% used [0x00000000d6300000,0x00000000d6300000,0x00000000d6580000)
 ParOldGen       total 99840K, used 99390K [0x0000000080000000, 0x0000000086180000, 0x00000000d5580000)
  object space 99840K, 99% used [0x0000000080000000,0x000000008610fa60,0x0000000086180000)
 Metaspace       used 70705K, committed 72256K, reserved 1114112K
  class space    used 7493K, committed 8192K, reserved 1048576K
}
Event: 64.939 GC heap after
{Heap after GC invocations=88 (full 3):
 PSYoungGen      total 16384K, used 2559K [0x00000000d5580000, 0x00000000d6b00000, 0x0000000100000000)
  eden space 13824K, 0% used [0x00000000d5580000,0x00000000d5580000,0x00000000d6300000)
  from space 2560K, 99% used [0x00000000d6300000,0x00000000d657ff48,0x00000000d6580000)
  to   space 4096K, 0% used [0x00000000d6700000,0x00000000d6700000,0x00000000d6b00000)
 ParOldGen       total 100352K, used 100181K [0x0000000080000000, 0x0000000086200000, 0x00000000d5580000)
  object space 100352K, 99% used [0x0000000080000000,0x00000000861d5770,0x0000000086200000)
 Metaspace       used 70705K, committed 72256K, reserved 1114112K
  class space    used 7493K, committed 8192K, reserved 1048576K
}
Event: 64.989 GC heap before
{Heap before GC invocations=89 (full 3):
 PSYoungGen      total 16384K, used 16383K [0x00000000d5580000, 0x00000000d6b00000, 0x0000000100000000)
  eden space 13824K, 100% used [0x00000000d5580000,0x00000000d6300000,0x00000000d6300000)
  from space 2560K, 99% used [0x00000000d6300000,0x00000000d657ff48,0x00000000d6580000)
  to   space 4096K, 0% used [0x00000000d6700000,0x00000000d6700000,0x00000000d6b00000)
 ParOldGen       total 100352K, used 100181K [0x0000000080000000, 0x0000000086200000, 0x00000000d5580000)
  object space 100352K, 99% used [0x0000000080000000,0x00000000861d5770,0x0000000086200000)
 Metaspace       used 71110K, committed 72576K, reserved 1114112K
  class space    used 7541K, committed 8192K, reserved 1048576K
}
Event: 64.992 GC heap after
{Heap after GC invocations=89 (full 3):
 PSYoungGen      total 15360K, used 1408K [0x00000000d5580000, 0x00000000d6880000, 0x0000000100000000)
  eden space 13824K, 0% used [0x00000000d5580000,0x00000000d5580000,0x00000000d6300000)
  from space 1536K, 91% used [0x00000000d6700000,0x00000000d6860020,0x00000000d6880000)
  to   space 2560K, 0% used [0x00000000d6380000,0x00000000d6380000,0x00000000d6600000)
 ParOldGen       total 102912K, used 102788K [0x0000000080000000, 0x0000000086480000, 0x00000000d5580000)
  object space 102912K, 99% used [0x0000000080000000,0x0000000086461358,0x0000000086480000)
 Metaspace       used 71110K, committed 72576K, reserved 1114112K
  class space    used 7541K, committed 8192K, reserved 1048576K
}
Event: 65.084 GC heap before
{Heap before GC invocations=90 (full 3):
 PSYoungGen      total 15360K, used 15232K [0x00000000d5580000, 0x00000000d6880000, 0x0000000100000000)
  eden space 13824K, 100% used [0x00000000d5580000,0x00000000d6300000,0x00000000d6300000)
  from space 1536K, 91% used [0x00000000d6700000,0x00000000d6860020,0x00000000d6880000)
  to   space 2560K, 0% used [0x00000000d6380000,0x00000000d6380000,0x00000000d6600000)
 ParOldGen       total 102912K, used 102788K [0x0000000080000000, 0x0000000086480000, 0x00000000d5580000)
  object space 102912K, 99% used [0x0000000080000000,0x0000000086461358,0x0000000086480000)
 Metaspace       used 71557K, committed 73088K, reserved 1179648K
  class space    used 7611K, committed 8320K, reserved 1048576K
}
Event: 65.086 GC heap after
{Heap after GC invocations=90 (full 3):
 PSYoungGen      total 16384K, used 2207K [0x00000000d5580000, 0x00000000d6800000, 0x0000000100000000)
  eden space 13824K, 0% used [0x00000000d5580000,0x00000000d5580000,0x00000000d6300000)
  from space 2560K, 86% used [0x00000000d6380000,0x00000000d65a7dd8,0x00000000d6600000)
  to   space 2048K, 0% used [0x00000000d6600000,0x00000000d6600000,0x00000000d6800000)
 ParOldGen       total 104448K, used 104107K [0x0000000080000000, 0x0000000086600000, 0x00000000d5580000)
  object space 104448K, 99% used [0x0000000080000000,0x00000000865aae50,0x0000000086600000)
 Metaspace       used 71557K, committed 73088K, reserved 1179648K
  class space    used 7611K, committed 8320K, reserved 1048576K
}
Event: 65.217 GC heap before
{Heap before GC invocations=91 (full 3):
 PSYoungGen      total 16384K, used 16031K [0x00000000d5580000, 0x00000000d6800000, 0x0000000100000000)
  eden space 13824K, 100% used [0x00000000d5580000,0x00000000d6300000,0x00000000d6300000)
  from space 2560K, 86% used [0x00000000d6380000,0x00000000d65a7dd8,0x00000000d6600000)
  to   space 2048K, 0% used [0x00000000d6600000,0x00000000d6600000,0x00000000d6800000)
 ParOldGen       total 104448K, used 104107K [0x0000000080000000, 0x0000000086600000, 0x00000000d5580000)
  object space 104448K, 99% used [0x0000000080000000,0x00000000865aae50,0x0000000086600000)
 Metaspace       used 72994K, committed 74560K, reserved 1179648K
  class space    used 7802K, committed 8512K, reserved 1048576K
}
Event: 65.219 GC heap after
{Heap after GC invocations=91 (full 3):
 PSYoungGen      total 14848K, used 640K [0x00000000d5580000, 0x00000000d6700000, 0x0000000100000000)
  eden space 13824K, 0% used [0x00000000d5580000,0x00000000d5580000,0x00000000d6300000)
  from space 1024K, 62% used [0x00000000d6600000,0x00000000d66a0020,0x00000000d6700000)
  to   space 1536K, 0% used [0x00000000d6400000,0x00000000d6400000,0x00000000d6580000)
 ParOldGen       total 106496K, used 106177K [0x0000000080000000, 0x0000000086800000, 0x00000000d5580000)
  object space 106496K, 99% used [0x0000000080000000,0x00000000867b04b0,0x0000000086800000)
 Metaspace       used 72994K, committed 74560K, reserved 1179648K
  class space    used 7802K, committed 8512K, reserved 1048576K
}
Event: 65.367 GC heap before
{Heap before GC invocations=92 (full 3):
 PSYoungGen      total 14848K, used 14464K [0x00000000d5580000, 0x00000000d6700000, 0x0000000100000000)
  eden space 13824K, 100% used [0x00000000d5580000,0x00000000d6300000,0x00000000d6300000)
  from space 1024K, 62% used [0x00000000d6600000,0x00000000d66a0020,0x00000000d6700000)
  to   space 1536K, 0% used [0x00000000d6400000,0x00000000d6400000,0x00000000d6580000)
 ParOldGen       total 106496K, used 106177K [0x0000000080000000, 0x0000000086800000, 0x00000000d5580000)
  object space 106496K, 99% used [0x0000000080000000,0x00000000867b04b0,0x0000000086800000)
 Metaspace       used 73669K, committed 75264K, reserved 1179648K
  class space    used 7872K, committed 8576K, reserved 1048576K
}
Event: 65.370 GC heap after
{Heap after GC invocations=92 (full 3):
 PSYoungGen      total 15360K, used 833K [0x00000000d5580000, 0x00000000d6680000, 0x0000000100000000)
  eden space 13824K, 0% used [0x00000000d5580000,0x00000000d5580000,0x00000000d6300000)
  from space 1536K, 54% used [0x00000000d6400000,0x00000000d64d0780,0x00000000d6580000)
  to   space 1024K, 0% used [0x00000000d6580000,0x00000000d6580000,0x00000000d6680000)
 ParOldGen       total 107008K, used 106636K [0x0000000080000000, 0x0000000086880000, 0x00000000d5580000)
  object space 107008K, 99% used [0x0000000080000000,0x0000000086823210,0x0000000086880000)
 Metaspace       used 73669K, committed 75264K, reserved 1179648K
  class space    used 7872K, committed 8576K, reserved 1048576K
}
Event: 65.534 GC heap before
{Heap before GC invocations=93 (full 3):
 PSYoungGen      total 15360K, used 14657K [0x00000000d5580000, 0x00000000d6680000, 0x0000000100000000)
  eden space 13824K, 100% used [0x00000000d5580000,0x00000000d6300000,0x00000000d6300000)
  from space 1536K, 54% used [0x00000000d6400000,0x00000000d64d0780,0x00000000d6580000)
  to   space 1024K, 0% used [0x00000000d6580000,0x00000000d6580000,0x00000000d6680000)
 ParOldGen       total 107008K, used 106636K [0x0000000080000000, 0x0000000086880000, 0x00000000d5580000)
  object space 107008K, 99% used [0x0000000080000000,0x0000000086823210,0x0000000086880000)
 Metaspace       used 75825K, committed 77440K, reserved 1179648K
  class space    used 8105K, committed 8832K, reserved 1048576K
}
Event: 65.535 GC heap after
{Heap after GC invocations=93 (full 3):
 PSYoungGen      total 14848K, used 736K [0x00000000d5580000, 0x00000000d6680000, 0x0000000100000000)
  eden space 13824K, 0% used [0x00000000d5580000,0x00000000d5580000,0x00000000d6300000)
  from space 1024K, 71% used [0x00000000d6580000,0x00000000d6638020,0x00000000d6680000)
  to   space 1024K, 0% used [0x00000000d6480000,0x00000000d6480000,0x00000000d6580000)
 ParOldGen       total 107520K, used 107339K [0x0000000080000000, 0x0000000086900000, 0x00000000d5580000)
  object space 107520K, 99% used [0x0000000080000000,0x00000000868d2ec0,0x0000000086900000)
 Metaspace       used 75825K, committed 77440K, reserved 1179648K
  class space    used 8105K, committed 8832K, reserved 1048576K
}

